2021-04-12 11:43:58,226 INFO org.springframework.boot.StartupInfoLogger [main] Starting AtsiskaitymaiApplication using Java 15.0.1 on DESKTOP-EN2BSLD with PID 19152 (C:\Users\Misanthrope\Desktop\Mokslai\Spring\atsiskaitymai\target\classes started by Misanthrope in C:\Users\Misanthrope\Desktop\Mokslai\Spring\atsiskaitymai)
2021-04-12 11:43:58,230 INFO org.springframework.boot.SpringApplication [main] No active profile set, falling back to default profiles: default
2021-04-12 11:43:59,073 INFO org.springframework.data.repository.config.RepositoryConfigurationDelegate [main] Bootstrapping Spring Data JPA repositories in DEFAULT mode.
2021-04-12 11:43:59,143 INFO org.springframework.data.repository.config.RepositoryConfigurationDelegate [main] Finished Spring Data repository scanning in 51 ms. Found 2 JPA repository interfaces.
2021-04-12 11:43:59,871 INFO org.springframework.boot.web.embedded.tomcat.TomcatWebServer [main] Tomcat initialized with port(s): 8080 (http)
2021-04-12 11:43:59,880 INFO org.apache.juli.logging.DirectJDKLog [main] Initializing ProtocolHandler ["http-nio-8080"]
2021-04-12 11:43:59,880 INFO org.apache.juli.logging.DirectJDKLog [main] Starting service [Tomcat]
2021-04-12 11:43:59,881 INFO org.apache.juli.logging.DirectJDKLog [main] Starting Servlet engine: [Apache Tomcat/9.0.44]
2021-04-12 11:43:59,995 INFO org.apache.juli.logging.DirectJDKLog [main] Initializing Spring embedded WebApplicationContext
2021-04-12 11:43:59,996 INFO org.springframework.boot.web.servlet.context.ServletWebServerApplicationContext [main] Root WebApplicationContext: initialization completed in 1707 ms
2021-04-12 11:44:00,209 INFO org.hibernate.jpa.internal.util.LogHelper [main] HHH000204: Processing PersistenceUnitInfo [name: default]
2021-04-12 11:44:00,264 INFO org.hibernate.Version [main] HHH000412: Hibernate ORM core version 5.4.29.Final
2021-04-12 11:44:00,400 INFO org.hibernate.annotations.common.reflection.java.JavaReflectionManager [main] HCANN000001: Hibernate Commons Annotations {5.1.2.Final}
2021-04-12 11:44:00,495 INFO com.zaxxer.hikari.HikariDataSource [main] HikariPool-1 - Starting...
2021-04-12 11:44:00,654 INFO com.zaxxer.hikari.HikariDataSource [main] HikariPool-1 - Start completed.
2021-04-12 11:44:00,666 INFO org.hibernate.dialect.Dialect [main] HHH000400: Using dialect: org.hibernate.dialect.MySQL5Dialect
2021-04-12 11:44:01,244 INFO org.hibernate.engine.transaction.jta.platform.internal.JtaPlatformInitiator [main] HHH000490: Using JtaPlatform implementation: [org.hibernate.engine.transaction.jta.platform.internal.NoJtaPlatform]
2021-04-12 11:44:01,252 INFO org.springframework.orm.jpa.AbstractEntityManagerFactoryBean [main] Initialized JPA EntityManagerFactory for persistence unit 'default'
2021-04-12 11:44:01,542 WARN org.springframework.context.support.AbstractApplicationContext [main] Exception encountered during context initialization - cancelling refresh attempt: org.springframework.beans.factory.UnsatisfiedDependencyException: Error creating bean with name 'saskaitosController': Unsatisfied dependency expressed through field 'saskaitos_repository'; nested exception is org.springframework.beans.factory.BeanCreationException: Error creating bean with name 'saskaitosRepository' defined in egzaminas_atsiskaitymai.SaskaitosRepository defined in @EnableJpaRepositories declared on JpaRepositoriesRegistrar.EnableJpaRepositoriesConfiguration: Invocation of init method failed; nested exception is java.lang.IllegalArgumentException: Failed to create query for method public abstract antlr.collections.List egzaminas_atsiskaitymai.SaskaitosRepository.findByKlientai_id(java.lang.Integer)! No property klientai found for type Saskaitos!
2021-04-12 11:44:01,543 INFO org.springframework.orm.jpa.AbstractEntityManagerFactoryBean [main] Closing JPA EntityManagerFactory for persistence unit 'default'
2021-04-12 11:44:01,546 INFO com.zaxxer.hikari.HikariDataSource [main] HikariPool-1 - Shutdown initiated...
2021-04-12 11:44:01,555 INFO com.zaxxer.hikari.HikariDataSource [main] HikariPool-1 - Shutdown completed.
2021-04-12 11:44:01,558 INFO org.apache.juli.logging.DirectJDKLog [main] Stopping service [Tomcat]
2021-04-12 11:44:01,572 INFO org.springframework.boot.autoconfigure.logging.ConditionEvaluationReportLoggingListener [main] 

Error starting ApplicationContext. To display the conditions report re-run your application with 'debug' enabled.
2021-04-12 11:44:01,588 ERROR org.springframework.boot.SpringApplication [main] Application run failed
org.springframework.beans.factory.UnsatisfiedDependencyException: Error creating bean with name 'saskaitosController': Unsatisfied dependency expressed through field 'saskaitos_repository'; nested exception is org.springframework.beans.factory.BeanCreationException: Error creating bean with name 'saskaitosRepository' defined in egzaminas_atsiskaitymai.SaskaitosRepository defined in @EnableJpaRepositories declared on JpaRepositoriesRegistrar.EnableJpaRepositoriesConfiguration: Invocation of init method failed; nested exception is java.lang.IllegalArgumentException: Failed to create query for method public abstract antlr.collections.List egzaminas_atsiskaitymai.SaskaitosRepository.findByKlientai_id(java.lang.Integer)! No property klientai found for type Saskaitos!
	at org.springframework.beans.factory.annotation.AutowiredAnnotationBeanPostProcessor$AutowiredFieldElement.resolveFieldValue(AutowiredAnnotationBeanPostProcessor.java:660)
	at org.springframework.beans.factory.annotation.AutowiredAnnotationBeanPostProcessor$AutowiredFieldElement.inject(AutowiredAnnotationBeanPostProcessor.java:640)
	at org.springframework.beans.factory.annotation.InjectionMetadata.inject(InjectionMetadata.java:119)
	at org.springframework.beans.factory.annotation.AutowiredAnnotationBeanPostProcessor.postProcessProperties(AutowiredAnnotationBeanPostProcessor.java:399)
	at org.springframework.beans.factory.support.AbstractAutowireCapableBeanFactory.populateBean(AbstractAutowireCapableBeanFactory.java:1413)
	at org.springframework.beans.factory.support.AbstractAutowireCapableBeanFactory.doCreateBean(AbstractAutowireCapableBeanFactory.java:601)
	at org.springframework.beans.factory.support.AbstractAutowireCapableBeanFactory.createBean(AbstractAutowireCapableBeanFactory.java:524)
	at org.springframework.beans.factory.support.AbstractBeanFactory.lambda$doGetBean$0(AbstractBeanFactory.java:335)
	at org.springframework.beans.factory.support.DefaultSingletonBeanRegistry.getSingleton(DefaultSingletonBeanRegistry.java:234)
	at org.springframework.beans.factory.support.AbstractBeanFactory.doGetBean(AbstractBeanFactory.java:333)
	at org.springframework.beans.factory.support.AbstractBeanFactory.getBean(AbstractBeanFactory.java:208)
	at org.springframework.beans.factory.support.DefaultListableBeanFactory.preInstantiateSingletons(DefaultListableBeanFactory.java:944)
	at org.springframework.context.support.AbstractApplicationContext.finishBeanFactoryInitialization(AbstractApplicationContext.java:918)
	at org.springframework.context.support.AbstractApplicationContext.refresh(AbstractApplicationContext.java:583)
	at org.springframework.boot.web.servlet.context.ServletWebServerApplicationContext.refresh(ServletWebServerApplicationContext.java:144)
	at org.springframework.boot.SpringApplication.refresh(SpringApplication.java:769)
	at org.springframework.boot.SpringApplication.refresh(SpringApplication.java:761)
	at org.springframework.boot.SpringApplication.refreshContext(SpringApplication.java:426)
	at org.springframework.boot.SpringApplication.run(SpringApplication.java:326)
	at org.springframework.boot.SpringApplication.run(SpringApplication.java:1313)
	at org.springframework.boot.SpringApplication.run(SpringApplication.java:1302)
	at egzaminas_atsiskaitymai.AtsiskaitymaiApplication.main(AtsiskaitymaiApplication.java:10)
Caused by: org.springframework.beans.factory.BeanCreationException: Error creating bean with name 'saskaitosRepository' defined in egzaminas_atsiskaitymai.SaskaitosRepository defined in @EnableJpaRepositories declared on JpaRepositoriesRegistrar.EnableJpaRepositoriesConfiguration: Invocation of init method failed; nested exception is java.lang.IllegalArgumentException: Failed to create query for method public abstract antlr.collections.List egzaminas_atsiskaitymai.SaskaitosRepository.findByKlientai_id(java.lang.Integer)! No property klientai found for type Saskaitos!
	at org.springframework.beans.factory.support.AbstractAutowireCapableBeanFactory.initializeBean(AbstractAutowireCapableBeanFactory.java:1786)
	at org.springframework.beans.factory.support.AbstractAutowireCapableBeanFactory.doCreateBean(AbstractAutowireCapableBeanFactory.java:602)
	at org.springframework.beans.factory.support.AbstractAutowireCapableBeanFactory.createBean(AbstractAutowireCapableBeanFactory.java:524)
	at org.springframework.beans.factory.support.AbstractBeanFactory.lambda$doGetBean$0(AbstractBeanFactory.java:335)
	at org.springframework.beans.factory.support.DefaultSingletonBeanRegistry.getSingleton(DefaultSingletonBeanRegistry.java:234)
	at org.springframework.beans.factory.support.AbstractBeanFactory.doGetBean(AbstractBeanFactory.java:333)
	at org.springframework.beans.factory.support.AbstractBeanFactory.getBean(AbstractBeanFactory.java:208)
	at org.springframework.beans.factory.config.DependencyDescriptor.resolveCandidate(DependencyDescriptor.java:276)
	at org.springframework.beans.factory.support.DefaultListableBeanFactory.doResolveDependency(DefaultListableBeanFactory.java:1380)
	at org.springframework.beans.factory.support.DefaultListableBeanFactory.resolveDependency(DefaultListableBeanFactory.java:1300)
	at org.springframework.beans.factory.annotation.AutowiredAnnotationBeanPostProcessor$AutowiredFieldElement.resolveFieldValue(AutowiredAnnotationBeanPostProcessor.java:657)
	... 21 common frames omitted
Caused by: java.lang.IllegalArgumentException: Failed to create query for method public abstract antlr.collections.List egzaminas_atsiskaitymai.SaskaitosRepository.findByKlientai_id(java.lang.Integer)! No property klientai found for type Saskaitos!
	at org.springframework.data.jpa.repository.query.PartTreeJpaQuery.<init>(PartTreeJpaQuery.java:96)
	at org.springframework.data.jpa.repository.query.JpaQueryLookupStrategy$CreateQueryLookupStrategy.resolveQuery(JpaQueryLookupStrategy.java:107)
	at org.springframework.data.jpa.repository.query.JpaQueryLookupStrategy$CreateIfNotFoundQueryLookupStrategy.resolveQuery(JpaQueryLookupStrategy.java:218)
	at org.springframework.data.jpa.repository.query.JpaQueryLookupStrategy$AbstractQueryLookupStrategy.resolveQuery(JpaQueryLookupStrategy.java:81)
	at org.springframework.data.repository.core.support.QueryExecutorMethodInterceptor.lookupQuery(QueryExecutorMethodInterceptor.java:100)
	at org.springframework.data.repository.core.support.QueryExecutorMethodInterceptor.lambda$mapMethodsToQuery$1(QueryExecutorMethodInterceptor.java:93)
	at java.base/java.util.stream.ReferencePipeline$3$1.accept(ReferencePipeline.java:195)
	at java.base/java.util.Iterator.forEachRemaining(Iterator.java:133)
	at java.base/java.util.Collections$UnmodifiableCollection$1.forEachRemaining(Collections.java:1056)
	at java.base/java.util.Spliterators$IteratorSpliterator.forEachRemaining(Spliterators.java:1801)
	at java.base/java.util.stream.AbstractPipeline.copyInto(AbstractPipeline.java:484)
	at java.base/java.util.stream.AbstractPipeline.wrapAndCopyInto(AbstractPipeline.java:474)
	at java.base/java.util.stream.ReduceOps$ReduceOp.evaluateSequential(ReduceOps.java:913)
	at java.base/java.util.stream.AbstractPipeline.evaluate(AbstractPipeline.java:234)
	at java.base/java.util.stream.ReferencePipeline.collect(ReferencePipeline.java:578)
	at org.springframework.data.repository.core.support.QueryExecutorMethodInterceptor.mapMethodsToQuery(QueryExecutorMethodInterceptor.java:95)
	at org.springframework.data.repository.core.support.QueryExecutorMethodInterceptor.lambda$new$0(QueryExecutorMethodInterceptor.java:85)
	at java.base/java.util.Optional.map(Optional.java:258)
	at org.springframework.data.repository.core.support.QueryExecutorMethodInterceptor.<init>(QueryExecutorMethodInterceptor.java:85)
	at org.springframework.data.repository.core.support.RepositoryFactorySupport.getRepository(RepositoryFactorySupport.java:303)
	at org.springframework.data.repository.core.support.RepositoryFactoryBeanSupport.lambda$afterPropertiesSet$5(RepositoryFactoryBeanSupport.java:323)
	at org.springframework.data.util.Lazy.getNullable(Lazy.java:230)
	at org.springframework.data.util.Lazy.get(Lazy.java:114)
	at org.springframework.data.repository.core.support.RepositoryFactoryBeanSupport.afterPropertiesSet(RepositoryFactoryBeanSupport.java:329)
	at org.springframework.data.jpa.repository.support.JpaRepositoryFactoryBean.afterPropertiesSet(JpaRepositoryFactoryBean.java:144)
	at org.springframework.beans.factory.support.AbstractAutowireCapableBeanFactory.invokeInitMethods(AbstractAutowireCapableBeanFactory.java:1845)
	at org.springframework.beans.factory.support.AbstractAutowireCapableBeanFactory.initializeBean(AbstractAutowireCapableBeanFactory.java:1782)
	... 31 common frames omitted
Caused by: org.springframework.data.mapping.PropertyReferenceException: No property klientai found for type Saskaitos!
	at org.springframework.data.mapping.PropertyPath.<init>(PropertyPath.java:90)
	at org.springframework.data.mapping.PropertyPath.create(PropertyPath.java:437)
	at org.springframework.data.mapping.PropertyPath.create(PropertyPath.java:413)
	at org.springframework.data.mapping.PropertyPath.lambda$from$0(PropertyPath.java:366)
	at java.base/java.util.concurrent.ConcurrentMap.computeIfAbsent(ConcurrentMap.java:330)
	at org.springframework.data.mapping.PropertyPath.from(PropertyPath.java:348)
	at org.springframework.data.mapping.PropertyPath.from(PropertyPath.java:331)
	at org.springframework.data.repository.query.parser.Part.<init>(Part.java:81)
	at org.springframework.data.repository.query.parser.PartTree$OrPart.lambda$new$0(PartTree.java:249)
	at java.base/java.util.stream.ReferencePipeline$3$1.accept(ReferencePipeline.java:195)
	at java.base/java.util.stream.ReferencePipeline$2$1.accept(ReferencePipeline.java:177)
	at java.base/java.util.Spliterators$ArraySpliterator.forEachRemaining(Spliterators.java:948)
	at java.base/java.util.stream.AbstractPipeline.copyInto(AbstractPipeline.java:484)
	at java.base/java.util.stream.AbstractPipeline.wrapAndCopyInto(AbstractPipeline.java:474)
	at java.base/java.util.stream.ReduceOps$ReduceOp.evaluateSequential(ReduceOps.java:913)
	at java.base/java.util.stream.AbstractPipeline.evaluate(AbstractPipeline.java:234)
	at java.base/java.util.stream.ReferencePipeline.collect(ReferencePipeline.java:578)
	at org.springframework.data.repository.query.parser.PartTree$OrPart.<init>(PartTree.java:250)
	at org.springframework.data.repository.query.parser.PartTree$Predicate.lambda$new$0(PartTree.java:383)
	at java.base/java.util.stream.ReferencePipeline$3$1.accept(ReferencePipeline.java:195)
	at java.base/java.util.stream.ReferencePipeline$2$1.accept(ReferencePipeline.java:177)
	at java.base/java.util.Spliterators$ArraySpliterator.forEachRemaining(Spliterators.java:948)
	at java.base/java.util.stream.AbstractPipeline.copyInto(AbstractPipeline.java:484)
	at java.base/java.util.stream.AbstractPipeline.wrapAndCopyInto(AbstractPipeline.java:474)
	at java.base/java.util.stream.ReduceOps$ReduceOp.evaluateSequential(ReduceOps.java:913)
	at java.base/java.util.stream.AbstractPipeline.evaluate(AbstractPipeline.java:234)
	at java.base/java.util.stream.ReferencePipeline.collect(ReferencePipeline.java:578)
	at org.springframework.data.repository.query.parser.PartTree$Predicate.<init>(PartTree.java:384)
	at org.springframework.data.repository.query.parser.PartTree.<init>(PartTree.java:95)
	at org.springframework.data.jpa.repository.query.PartTreeJpaQuery.<init>(PartTreeJpaQuery.java:89)
	... 57 common frames omitted
2021-04-12 11:46:08,239 INFO org.springframework.boot.StartupInfoLogger [main] Starting AtsiskaitymaiApplication using Java 15.0.1 on DESKTOP-EN2BSLD with PID 656 (C:\Users\Misanthrope\Desktop\Mokslai\Spring\atsiskaitymai\target\classes started by Misanthrope in C:\Users\Misanthrope\Desktop\Mokslai\Spring\atsiskaitymai)
2021-04-12 11:46:08,244 INFO org.springframework.boot.SpringApplication [main] No active profile set, falling back to default profiles: default
2021-04-12 11:46:09,167 INFO org.springframework.data.repository.config.RepositoryConfigurationDelegate [main] Bootstrapping Spring Data JPA repositories in DEFAULT mode.
2021-04-12 11:46:09,244 INFO org.springframework.data.repository.config.RepositoryConfigurationDelegate [main] Finished Spring Data repository scanning in 64 ms. Found 2 JPA repository interfaces.
2021-04-12 11:46:10,068 INFO org.springframework.boot.web.embedded.tomcat.TomcatWebServer [main] Tomcat initialized with port(s): 8080 (http)
2021-04-12 11:46:10,077 INFO org.apache.juli.logging.DirectJDKLog [main] Initializing ProtocolHandler ["http-nio-8080"]
2021-04-12 11:46:10,078 INFO org.apache.juli.logging.DirectJDKLog [main] Starting service [Tomcat]
2021-04-12 11:46:10,078 INFO org.apache.juli.logging.DirectJDKLog [main] Starting Servlet engine: [Apache Tomcat/9.0.44]
2021-04-12 11:46:10,224 INFO org.apache.juli.logging.DirectJDKLog [main] Initializing Spring embedded WebApplicationContext
2021-04-12 11:46:10,224 INFO org.springframework.boot.web.servlet.context.ServletWebServerApplicationContext [main] Root WebApplicationContext: initialization completed in 1912 ms
2021-04-12 11:46:10,478 INFO org.hibernate.jpa.internal.util.LogHelper [main] HHH000204: Processing PersistenceUnitInfo [name: default]
2021-04-12 11:46:10,545 INFO org.hibernate.Version [main] HHH000412: Hibernate ORM core version 5.4.29.Final
2021-04-12 11:46:10,699 INFO org.hibernate.annotations.common.reflection.java.JavaReflectionManager [main] HCANN000001: Hibernate Commons Annotations {5.1.2.Final}
2021-04-12 11:46:10,835 INFO com.zaxxer.hikari.HikariDataSource [main] HikariPool-1 - Starting...
2021-04-12 11:46:11,008 INFO com.zaxxer.hikari.HikariDataSource [main] HikariPool-1 - Start completed.
2021-04-12 11:46:11,020 INFO org.hibernate.dialect.Dialect [main] HHH000400: Using dialect: org.hibernate.dialect.MySQL5Dialect
2021-04-12 11:46:11,650 INFO org.hibernate.engine.transaction.jta.platform.internal.JtaPlatformInitiator [main] HHH000490: Using JtaPlatform implementation: [org.hibernate.engine.transaction.jta.platform.internal.NoJtaPlatform]
2021-04-12 11:46:11,657 INFO org.springframework.orm.jpa.AbstractEntityManagerFactoryBean [main] Initialized JPA EntityManagerFactory for persistence unit 'default'
2021-04-12 11:46:12,018 WARN org.springframework.context.support.AbstractApplicationContext [main] Exception encountered during context initialization - cancelling refresh attempt: org.springframework.beans.factory.UnsatisfiedDependencyException: Error creating bean with name 'saskaitosController': Unsatisfied dependency expressed through field 'saskaitos_repository'; nested exception is org.springframework.beans.factory.BeanCreationException: Error creating bean with name 'saskaitosRepository' defined in egzaminas_atsiskaitymai.SaskaitosRepository defined in @EnableJpaRepositories declared on JpaRepositoriesRegistrar.EnableJpaRepositoriesConfiguration: Invocation of init method failed; nested exception is java.lang.IllegalArgumentException: Failed to create query for method public abstract java.lang.Object egzaminas_atsiskaitymai.SaskaitosRepository.findByKlientai_id(java.lang.Integer)! No property klientai found for type Saskaitos!
2021-04-12 11:46:12,019 INFO org.springframework.orm.jpa.AbstractEntityManagerFactoryBean [main] Closing JPA EntityManagerFactory for persistence unit 'default'
2021-04-12 11:46:12,021 INFO com.zaxxer.hikari.HikariDataSource [main] HikariPool-1 - Shutdown initiated...
2021-04-12 11:46:12,029 INFO com.zaxxer.hikari.HikariDataSource [main] HikariPool-1 - Shutdown completed.
2021-04-12 11:46:12,031 INFO org.apache.juli.logging.DirectJDKLog [main] Stopping service [Tomcat]
2021-04-12 11:46:12,048 INFO org.springframework.boot.autoconfigure.logging.ConditionEvaluationReportLoggingListener [main] 

Error starting ApplicationContext. To display the conditions report re-run your application with 'debug' enabled.
2021-04-12 11:46:12,067 ERROR org.springframework.boot.SpringApplication [main] Application run failed
org.springframework.beans.factory.UnsatisfiedDependencyException: Error creating bean with name 'saskaitosController': Unsatisfied dependency expressed through field 'saskaitos_repository'; nested exception is org.springframework.beans.factory.BeanCreationException: Error creating bean with name 'saskaitosRepository' defined in egzaminas_atsiskaitymai.SaskaitosRepository defined in @EnableJpaRepositories declared on JpaRepositoriesRegistrar.EnableJpaRepositoriesConfiguration: Invocation of init method failed; nested exception is java.lang.IllegalArgumentException: Failed to create query for method public abstract java.lang.Object egzaminas_atsiskaitymai.SaskaitosRepository.findByKlientai_id(java.lang.Integer)! No property klientai found for type Saskaitos!
	at org.springframework.beans.factory.annotation.AutowiredAnnotationBeanPostProcessor$AutowiredFieldElement.resolveFieldValue(AutowiredAnnotationBeanPostProcessor.java:660)
	at org.springframework.beans.factory.annotation.AutowiredAnnotationBeanPostProcessor$AutowiredFieldElement.inject(AutowiredAnnotationBeanPostProcessor.java:640)
	at org.springframework.beans.factory.annotation.InjectionMetadata.inject(InjectionMetadata.java:119)
	at org.springframework.beans.factory.annotation.AutowiredAnnotationBeanPostProcessor.postProcessProperties(AutowiredAnnotationBeanPostProcessor.java:399)
	at org.springframework.beans.factory.support.AbstractAutowireCapableBeanFactory.populateBean(AbstractAutowireCapableBeanFactory.java:1413)
	at org.springframework.beans.factory.support.AbstractAutowireCapableBeanFactory.doCreateBean(AbstractAutowireCapableBeanFactory.java:601)
	at org.springframework.beans.factory.support.AbstractAutowireCapableBeanFactory.createBean(AbstractAutowireCapableBeanFactory.java:524)
	at org.springframework.beans.factory.support.AbstractBeanFactory.lambda$doGetBean$0(AbstractBeanFactory.java:335)
	at org.springframework.beans.factory.support.DefaultSingletonBeanRegistry.getSingleton(DefaultSingletonBeanRegistry.java:234)
	at org.springframework.beans.factory.support.AbstractBeanFactory.doGetBean(AbstractBeanFactory.java:333)
	at org.springframework.beans.factory.support.AbstractBeanFactory.getBean(AbstractBeanFactory.java:208)
	at org.springframework.beans.factory.support.DefaultListableBeanFactory.preInstantiateSingletons(DefaultListableBeanFactory.java:944)
	at org.springframework.context.support.AbstractApplicationContext.finishBeanFactoryInitialization(AbstractApplicationContext.java:918)
	at org.springframework.context.support.AbstractApplicationContext.refresh(AbstractApplicationContext.java:583)
	at org.springframework.boot.web.servlet.context.ServletWebServerApplicationContext.refresh(ServletWebServerApplicationContext.java:144)
	at org.springframework.boot.SpringApplication.refresh(SpringApplication.java:769)
	at org.springframework.boot.SpringApplication.refresh(SpringApplication.java:761)
	at org.springframework.boot.SpringApplication.refreshContext(SpringApplication.java:426)
	at org.springframework.boot.SpringApplication.run(SpringApplication.java:326)
	at org.springframework.boot.SpringApplication.run(SpringApplication.java:1313)
	at org.springframework.boot.SpringApplication.run(SpringApplication.java:1302)
	at egzaminas_atsiskaitymai.AtsiskaitymaiApplication.main(AtsiskaitymaiApplication.java:10)
Caused by: org.springframework.beans.factory.BeanCreationException: Error creating bean with name 'saskaitosRepository' defined in egzaminas_atsiskaitymai.SaskaitosRepository defined in @EnableJpaRepositories declared on JpaRepositoriesRegistrar.EnableJpaRepositoriesConfiguration: Invocation of init method failed; nested exception is java.lang.IllegalArgumentException: Failed to create query for method public abstract java.lang.Object egzaminas_atsiskaitymai.SaskaitosRepository.findByKlientai_id(java.lang.Integer)! No property klientai found for type Saskaitos!
	at org.springframework.beans.factory.support.AbstractAutowireCapableBeanFactory.initializeBean(AbstractAutowireCapableBeanFactory.java:1786)
	at org.springframework.beans.factory.support.AbstractAutowireCapableBeanFactory.doCreateBean(AbstractAutowireCapableBeanFactory.java:602)
	at org.springframework.beans.factory.support.AbstractAutowireCapableBeanFactory.createBean(AbstractAutowireCapableBeanFactory.java:524)
	at org.springframework.beans.factory.support.AbstractBeanFactory.lambda$doGetBean$0(AbstractBeanFactory.java:335)
	at org.springframework.beans.factory.support.DefaultSingletonBeanRegistry.getSingleton(DefaultSingletonBeanRegistry.java:234)
	at org.springframework.beans.factory.support.AbstractBeanFactory.doGetBean(AbstractBeanFactory.java:333)
	at org.springframework.beans.factory.support.AbstractBeanFactory.getBean(AbstractBeanFactory.java:208)
	at org.springframework.beans.factory.config.DependencyDescriptor.resolveCandidate(DependencyDescriptor.java:276)
	at org.springframework.beans.factory.support.DefaultListableBeanFactory.doResolveDependency(DefaultListableBeanFactory.java:1380)
	at org.springframework.beans.factory.support.DefaultListableBeanFactory.resolveDependency(DefaultListableBeanFactory.java:1300)
	at org.springframework.beans.factory.annotation.AutowiredAnnotationBeanPostProcessor$AutowiredFieldElement.resolveFieldValue(AutowiredAnnotationBeanPostProcessor.java:657)
	... 21 common frames omitted
Caused by: java.lang.IllegalArgumentException: Failed to create query for method public abstract java.lang.Object egzaminas_atsiskaitymai.SaskaitosRepository.findByKlientai_id(java.lang.Integer)! No property klientai found for type Saskaitos!
	at org.springframework.data.jpa.repository.query.PartTreeJpaQuery.<init>(PartTreeJpaQuery.java:96)
	at org.springframework.data.jpa.repository.query.JpaQueryLookupStrategy$CreateQueryLookupStrategy.resolveQuery(JpaQueryLookupStrategy.java:107)
	at org.springframework.data.jpa.repository.query.JpaQueryLookupStrategy$CreateIfNotFoundQueryLookupStrategy.resolveQuery(JpaQueryLookupStrategy.java:218)
	at org.springframework.data.jpa.repository.query.JpaQueryLookupStrategy$AbstractQueryLookupStrategy.resolveQuery(JpaQueryLookupStrategy.java:81)
	at org.springframework.data.repository.core.support.QueryExecutorMethodInterceptor.lookupQuery(QueryExecutorMethodInterceptor.java:100)
	at org.springframework.data.repository.core.support.QueryExecutorMethodInterceptor.lambda$mapMethodsToQuery$1(QueryExecutorMethodInterceptor.java:93)
	at java.base/java.util.stream.ReferencePipeline$3$1.accept(ReferencePipeline.java:195)
	at java.base/java.util.Iterator.forEachRemaining(Iterator.java:133)
	at java.base/java.util.Collections$UnmodifiableCollection$1.forEachRemaining(Collections.java:1056)
	at java.base/java.util.Spliterators$IteratorSpliterator.forEachRemaining(Spliterators.java:1801)
	at java.base/java.util.stream.AbstractPipeline.copyInto(AbstractPipeline.java:484)
	at java.base/java.util.stream.AbstractPipeline.wrapAndCopyInto(AbstractPipeline.java:474)
	at java.base/java.util.stream.ReduceOps$ReduceOp.evaluateSequential(ReduceOps.java:913)
	at java.base/java.util.stream.AbstractPipeline.evaluate(AbstractPipeline.java:234)
	at java.base/java.util.stream.ReferencePipeline.collect(ReferencePipeline.java:578)
	at org.springframework.data.repository.core.support.QueryExecutorMethodInterceptor.mapMethodsToQuery(QueryExecutorMethodInterceptor.java:95)
	at org.springframework.data.repository.core.support.QueryExecutorMethodInterceptor.lambda$new$0(QueryExecutorMethodInterceptor.java:85)
	at java.base/java.util.Optional.map(Optional.java:258)
	at org.springframework.data.repository.core.support.QueryExecutorMethodInterceptor.<init>(QueryExecutorMethodInterceptor.java:85)
	at org.springframework.data.repository.core.support.RepositoryFactorySupport.getRepository(RepositoryFactorySupport.java:303)
	at org.springframework.data.repository.core.support.RepositoryFactoryBeanSupport.lambda$afterPropertiesSet$5(RepositoryFactoryBeanSupport.java:323)
	at org.springframework.data.util.Lazy.getNullable(Lazy.java:230)
	at org.springframework.data.util.Lazy.get(Lazy.java:114)
	at org.springframework.data.repository.core.support.RepositoryFactoryBeanSupport.afterPropertiesSet(RepositoryFactoryBeanSupport.java:329)
	at org.springframework.data.jpa.repository.support.JpaRepositoryFactoryBean.afterPropertiesSet(JpaRepositoryFactoryBean.java:144)
	at org.springframework.beans.factory.support.AbstractAutowireCapableBeanFactory.invokeInitMethods(AbstractAutowireCapableBeanFactory.java:1845)
	at org.springframework.beans.factory.support.AbstractAutowireCapableBeanFactory.initializeBean(AbstractAutowireCapableBeanFactory.java:1782)
	... 31 common frames omitted
Caused by: org.springframework.data.mapping.PropertyReferenceException: No property klientai found for type Saskaitos!
	at org.springframework.data.mapping.PropertyPath.<init>(PropertyPath.java:90)
	at org.springframework.data.mapping.PropertyPath.create(PropertyPath.java:437)
	at org.springframework.data.mapping.PropertyPath.create(PropertyPath.java:413)
	at org.springframework.data.mapping.PropertyPath.lambda$from$0(PropertyPath.java:366)
	at java.base/java.util.concurrent.ConcurrentMap.computeIfAbsent(ConcurrentMap.java:330)
	at org.springframework.data.mapping.PropertyPath.from(PropertyPath.java:348)
	at org.springframework.data.mapping.PropertyPath.from(PropertyPath.java:331)
	at org.springframework.data.repository.query.parser.Part.<init>(Part.java:81)
	at org.springframework.data.repository.query.parser.PartTree$OrPart.lambda$new$0(PartTree.java:249)
	at java.base/java.util.stream.ReferencePipeline$3$1.accept(ReferencePipeline.java:195)
	at java.base/java.util.stream.ReferencePipeline$2$1.accept(ReferencePipeline.java:177)
	at java.base/java.util.Spliterators$ArraySpliterator.forEachRemaining(Spliterators.java:948)
	at java.base/java.util.stream.AbstractPipeline.copyInto(AbstractPipeline.java:484)
	at java.base/java.util.stream.AbstractPipeline.wrapAndCopyInto(AbstractPipeline.java:474)
	at java.base/java.util.stream.ReduceOps$ReduceOp.evaluateSequential(ReduceOps.java:913)
	at java.base/java.util.stream.AbstractPipeline.evaluate(AbstractPipeline.java:234)
	at java.base/java.util.stream.ReferencePipeline.collect(ReferencePipeline.java:578)
	at org.springframework.data.repository.query.parser.PartTree$OrPart.<init>(PartTree.java:250)
	at org.springframework.data.repository.query.parser.PartTree$Predicate.lambda$new$0(PartTree.java:383)
	at java.base/java.util.stream.ReferencePipeline$3$1.accept(ReferencePipeline.java:195)
	at java.base/java.util.stream.ReferencePipeline$2$1.accept(ReferencePipeline.java:177)
	at java.base/java.util.Spliterators$ArraySpliterator.forEachRemaining(Spliterators.java:948)
	at java.base/java.util.stream.AbstractPipeline.copyInto(AbstractPipeline.java:484)
	at java.base/java.util.stream.AbstractPipeline.wrapAndCopyInto(AbstractPipeline.java:474)
	at java.base/java.util.stream.ReduceOps$ReduceOp.evaluateSequential(ReduceOps.java:913)
	at java.base/java.util.stream.AbstractPipeline.evaluate(AbstractPipeline.java:234)
	at java.base/java.util.stream.ReferencePipeline.collect(ReferencePipeline.java:578)
	at org.springframework.data.repository.query.parser.PartTree$Predicate.<init>(PartTree.java:384)
	at org.springframework.data.repository.query.parser.PartTree.<init>(PartTree.java:95)
	at org.springframework.data.jpa.repository.query.PartTreeJpaQuery.<init>(PartTreeJpaQuery.java:89)
	... 57 common frames omitted
2021-04-12 14:03:39,659 INFO org.springframework.boot.StartupInfoLogger [main] Starting AtsiskaitymaiApplication using Java 15.0.1 on DESKTOP-EN2BSLD with PID 4504 (C:\Users\Misanthrope\Desktop\Mokslai\Spring\atsiskaitymai\target\classes started by Misanthrope in C:\Users\Misanthrope\Desktop\Mokslai\Spring\atsiskaitymai)
2021-04-12 14:03:39,662 INFO org.springframework.boot.SpringApplication [main] No active profile set, falling back to default profiles: default
2021-04-12 14:03:40,347 INFO org.springframework.data.repository.config.RepositoryConfigurationDelegate [main] Bootstrapping Spring Data JPA repositories in DEFAULT mode.
2021-04-12 14:03:40,408 INFO org.springframework.data.repository.config.RepositoryConfigurationDelegate [main] Finished Spring Data repository scanning in 50 ms. Found 2 JPA repository interfaces.
2021-04-12 14:03:41,113 INFO org.springframework.boot.web.embedded.tomcat.TomcatWebServer [main] Tomcat initialized with port(s): 8080 (http)
2021-04-12 14:03:41,123 INFO org.apache.juli.logging.DirectJDKLog [main] Initializing ProtocolHandler ["http-nio-8080"]
2021-04-12 14:03:41,123 INFO org.apache.juli.logging.DirectJDKLog [main] Starting service [Tomcat]
2021-04-12 14:03:41,123 INFO org.apache.juli.logging.DirectJDKLog [main] Starting Servlet engine: [Apache Tomcat/9.0.44]
2021-04-12 14:03:41,238 INFO org.apache.juli.logging.DirectJDKLog [main] Initializing Spring embedded WebApplicationContext
2021-04-12 14:03:41,238 INFO org.springframework.boot.web.servlet.context.ServletWebServerApplicationContext [main] Root WebApplicationContext: initialization completed in 1528 ms
2021-04-12 14:03:41,494 INFO org.hibernate.jpa.internal.util.LogHelper [main] HHH000204: Processing PersistenceUnitInfo [name: default]
2021-04-12 14:03:41,563 INFO org.hibernate.Version [main] HHH000412: Hibernate ORM core version 5.4.29.Final
2021-04-12 14:03:41,738 INFO org.hibernate.annotations.common.reflection.java.JavaReflectionManager [main] HCANN000001: Hibernate Commons Annotations {5.1.2.Final}
2021-04-12 14:03:41,868 INFO com.zaxxer.hikari.HikariDataSource [main] HikariPool-1 - Starting...
2021-04-12 14:03:42,045 INFO com.zaxxer.hikari.HikariDataSource [main] HikariPool-1 - Start completed.
2021-04-12 14:03:42,060 INFO org.hibernate.dialect.Dialect [main] HHH000400: Using dialect: org.hibernate.dialect.MySQL5Dialect
2021-04-12 14:03:42,700 INFO org.hibernate.engine.transaction.jta.platform.internal.JtaPlatformInitiator [main] HHH000490: Using JtaPlatform implementation: [org.hibernate.engine.transaction.jta.platform.internal.NoJtaPlatform]
2021-04-12 14:03:42,708 INFO org.springframework.orm.jpa.AbstractEntityManagerFactoryBean [main] Initialized JPA EntityManagerFactory for persistence unit 'default'
2021-04-12 14:03:43,055 WARN org.springframework.boot.autoconfigure.orm.jpa.JpaBaseConfiguration$JpaWebConfiguration [main] spring.jpa.open-in-view is enabled by default. Therefore, database queries may be performed during view rendering. Explicitly configure spring.jpa.open-in-view to disable this warning
2021-04-12 14:03:43,166 INFO org.springframework.scheduling.concurrent.ExecutorConfigurationSupport [main] Initializing ExecutorService 'applicationTaskExecutor'
2021-04-12 14:03:43,421 INFO org.apache.juli.logging.DirectJDKLog [main] Starting ProtocolHandler ["http-nio-8080"]
2021-04-12 14:03:43,447 INFO org.springframework.boot.web.embedded.tomcat.TomcatWebServer [main] Tomcat started on port(s): 8080 (http) with context path ''
2021-04-12 14:03:43,455 INFO org.springframework.boot.StartupInfoLogger [main] Started AtsiskaitymaiApplication in 4.209 seconds (JVM running for 4.583)
2021-04-12 14:04:05,742 INFO org.apache.juli.logging.DirectJDKLog [http-nio-8080-exec-1] Initializing Spring DispatcherServlet 'dispatcherServlet'
2021-04-12 14:04:05,743 INFO org.springframework.web.servlet.FrameworkServlet [http-nio-8080-exec-1] Initializing Servlet 'dispatcherServlet'
2021-04-12 14:04:05,745 INFO org.springframework.web.servlet.FrameworkServlet [http-nio-8080-exec-1] Completed initialization in 2 ms
2021-04-12 14:04:54,221 INFO org.springframework.boot.StartupInfoLogger [main] Starting AtsiskaitymaiApplication using Java 15.0.1 on DESKTOP-EN2BSLD with PID 7120 (C:\Users\Misanthrope\Desktop\Mokslai\Spring\atsiskaitymai\target\classes started by Misanthrope in C:\Users\Misanthrope\Desktop\Mokslai\Spring\atsiskaitymai)
2021-04-12 14:04:54,224 INFO org.springframework.boot.SpringApplication [main] No active profile set, falling back to default profiles: default
2021-04-12 14:04:54,921 INFO org.springframework.data.repository.config.RepositoryConfigurationDelegate [main] Bootstrapping Spring Data JPA repositories in DEFAULT mode.
2021-04-12 14:04:54,973 INFO org.springframework.data.repository.config.RepositoryConfigurationDelegate [main] Finished Spring Data repository scanning in 42 ms. Found 2 JPA repository interfaces.
2021-04-12 14:04:55,593 INFO org.springframework.boot.web.embedded.tomcat.TomcatWebServer [main] Tomcat initialized with port(s): 8080 (http)
2021-04-12 14:04:55,602 INFO org.apache.juli.logging.DirectJDKLog [main] Initializing ProtocolHandler ["http-nio-8080"]
2021-04-12 14:04:55,602 INFO org.apache.juli.logging.DirectJDKLog [main] Starting service [Tomcat]
2021-04-12 14:04:55,603 INFO org.apache.juli.logging.DirectJDKLog [main] Starting Servlet engine: [Apache Tomcat/9.0.44]
2021-04-12 14:04:55,713 INFO org.apache.juli.logging.DirectJDKLog [main] Initializing Spring embedded WebApplicationContext
2021-04-12 14:04:55,713 INFO org.springframework.boot.web.servlet.context.ServletWebServerApplicationContext [main] Root WebApplicationContext: initialization completed in 1441 ms
2021-04-12 14:04:55,900 INFO org.hibernate.jpa.internal.util.LogHelper [main] HHH000204: Processing PersistenceUnitInfo [name: default]
2021-04-12 14:04:55,947 INFO org.hibernate.Version [main] HHH000412: Hibernate ORM core version 5.4.29.Final
2021-04-12 14:04:56,085 INFO org.hibernate.annotations.common.reflection.java.JavaReflectionManager [main] HCANN000001: Hibernate Commons Annotations {5.1.2.Final}
2021-04-12 14:04:56,190 INFO com.zaxxer.hikari.HikariDataSource [main] HikariPool-1 - Starting...
2021-04-12 14:04:56,364 INFO com.zaxxer.hikari.HikariDataSource [main] HikariPool-1 - Start completed.
2021-04-12 14:04:56,376 INFO org.hibernate.dialect.Dialect [main] HHH000400: Using dialect: org.hibernate.dialect.MySQL5Dialect
2021-04-12 14:04:56,965 INFO org.hibernate.engine.transaction.jta.platform.internal.JtaPlatformInitiator [main] HHH000490: Using JtaPlatform implementation: [org.hibernate.engine.transaction.jta.platform.internal.NoJtaPlatform]
2021-04-12 14:04:56,972 INFO org.springframework.orm.jpa.AbstractEntityManagerFactoryBean [main] Initialized JPA EntityManagerFactory for persistence unit 'default'
2021-04-12 14:04:57,308 WARN org.springframework.boot.autoconfigure.orm.jpa.JpaBaseConfiguration$JpaWebConfiguration [main] spring.jpa.open-in-view is enabled by default. Therefore, database queries may be performed during view rendering. Explicitly configure spring.jpa.open-in-view to disable this warning
2021-04-12 14:04:57,423 INFO org.springframework.scheduling.concurrent.ExecutorConfigurationSupport [main] Initializing ExecutorService 'applicationTaskExecutor'
2021-04-12 14:04:57,658 INFO org.apache.juli.logging.DirectJDKLog [main] Starting ProtocolHandler ["http-nio-8080"]
2021-04-12 14:04:57,679 INFO org.springframework.boot.web.embedded.tomcat.TomcatWebServer [main] Tomcat started on port(s): 8080 (http) with context path ''
2021-04-12 14:04:57,686 INFO org.springframework.boot.StartupInfoLogger [main] Started AtsiskaitymaiApplication in 3.849 seconds (JVM running for 4.198)
2021-04-12 15:09:01,713 INFO org.springframework.boot.StartupInfoLogger [main] Starting AtsiskaitymaiApplication using Java 15.0.1 on DESKTOP-EN2BSLD with PID 14376 (C:\Users\Misanthrope\Desktop\Mokslai\Spring\atsiskaitymai\target\classes started by Misanthrope in C:\Users\Misanthrope\Desktop\Mokslai\Spring\atsiskaitymai)
2021-04-12 15:09:01,716 INFO org.springframework.boot.SpringApplication [main] No active profile set, falling back to default profiles: default
2021-04-12 15:09:02,388 INFO org.springframework.data.repository.config.RepositoryConfigurationDelegate [main] Bootstrapping Spring Data JPA repositories in DEFAULT mode.
2021-04-12 15:09:02,442 INFO org.springframework.data.repository.config.RepositoryConfigurationDelegate [main] Finished Spring Data repository scanning in 45 ms. Found 2 JPA repository interfaces.
2021-04-12 15:09:03,104 INFO org.springframework.boot.web.embedded.tomcat.TomcatWebServer [main] Tomcat initialized with port(s): 8080 (http)
2021-04-12 15:09:03,114 INFO org.apache.juli.logging.DirectJDKLog [main] Initializing ProtocolHandler ["http-nio-8080"]
2021-04-12 15:09:03,115 INFO org.apache.juli.logging.DirectJDKLog [main] Starting service [Tomcat]
2021-04-12 15:09:03,115 INFO org.apache.juli.logging.DirectJDKLog [main] Starting Servlet engine: [Apache Tomcat/9.0.44]
2021-04-12 15:09:03,232 INFO org.apache.juli.logging.DirectJDKLog [main] Initializing Spring embedded WebApplicationContext
2021-04-12 15:09:03,233 INFO org.springframework.boot.web.servlet.context.ServletWebServerApplicationContext [main] Root WebApplicationContext: initialization completed in 1467 ms
2021-04-12 15:09:03,435 INFO org.hibernate.jpa.internal.util.LogHelper [main] HHH000204: Processing PersistenceUnitInfo [name: default]
2021-04-12 15:09:03,489 INFO org.hibernate.Version [main] HHH000412: Hibernate ORM core version 5.4.29.Final
2021-04-12 15:09:03,618 INFO org.hibernate.annotations.common.reflection.java.JavaReflectionManager [main] HCANN000001: Hibernate Commons Annotations {5.1.2.Final}
2021-04-12 15:09:03,707 INFO com.zaxxer.hikari.HikariDataSource [main] HikariPool-1 - Starting...
2021-04-12 15:09:03,862 INFO com.zaxxer.hikari.HikariDataSource [main] HikariPool-1 - Start completed.
2021-04-12 15:09:03,874 INFO org.hibernate.dialect.Dialect [main] HHH000400: Using dialect: org.hibernate.dialect.MySQL5Dialect
2021-04-12 15:09:04,441 INFO org.hibernate.engine.transaction.jta.platform.internal.JtaPlatformInitiator [main] HHH000490: Using JtaPlatform implementation: [org.hibernate.engine.transaction.jta.platform.internal.NoJtaPlatform]
2021-04-12 15:09:04,448 INFO org.springframework.orm.jpa.AbstractEntityManagerFactoryBean [main] Initialized JPA EntityManagerFactory for persistence unit 'default'
2021-04-12 15:09:04,812 WARN org.springframework.boot.autoconfigure.orm.jpa.JpaBaseConfiguration$JpaWebConfiguration [main] spring.jpa.open-in-view is enabled by default. Therefore, database queries may be performed during view rendering. Explicitly configure spring.jpa.open-in-view to disable this warning
2021-04-12 15:09:04,912 INFO org.springframework.scheduling.concurrent.ExecutorConfigurationSupport [main] Initializing ExecutorService 'applicationTaskExecutor'
2021-04-12 15:09:05,150 INFO org.apache.juli.logging.DirectJDKLog [main] Starting ProtocolHandler ["http-nio-8080"]
2021-04-12 15:09:05,171 INFO org.springframework.boot.web.embedded.tomcat.TomcatWebServer [main] Tomcat started on port(s): 8080 (http) with context path ''
2021-04-12 15:09:05,180 INFO org.springframework.boot.StartupInfoLogger [main] Started AtsiskaitymaiApplication in 3.867 seconds (JVM running for 4.215)
2021-04-12 15:21:42,585 INFO org.springframework.boot.StartupInfoLogger [main] Starting AtsiskaitymaiApplication using Java 15.0.1 on DESKTOP-EN2BSLD with PID 15680 (C:\Users\Misanthrope\Desktop\Mokslai\Spring\atsiskaitymai\target\classes started by Misanthrope in C:\Users\Misanthrope\Desktop\Mokslai\Spring\atsiskaitymai)
2021-04-12 15:21:42,590 INFO org.springframework.boot.SpringApplication [main] No active profile set, falling back to default profiles: default
2021-04-12 15:21:43,364 INFO org.springframework.data.repository.config.RepositoryConfigurationDelegate [main] Bootstrapping Spring Data JPA repositories in DEFAULT mode.
2021-04-12 15:21:43,416 INFO org.springframework.data.repository.config.RepositoryConfigurationDelegate [main] Finished Spring Data repository scanning in 43 ms. Found 2 JPA repository interfaces.
2021-04-12 15:21:44,154 INFO org.springframework.boot.web.embedded.tomcat.TomcatWebServer [main] Tomcat initialized with port(s): 8080 (http)
2021-04-12 15:21:44,163 INFO org.apache.juli.logging.DirectJDKLog [main] Initializing ProtocolHandler ["http-nio-8080"]
2021-04-12 15:21:44,163 INFO org.apache.juli.logging.DirectJDKLog [main] Starting service [Tomcat]
2021-04-12 15:21:44,163 INFO org.apache.juli.logging.DirectJDKLog [main] Starting Servlet engine: [Apache Tomcat/9.0.44]
2021-04-12 15:21:44,277 INFO org.apache.juli.logging.DirectJDKLog [main] Initializing Spring embedded WebApplicationContext
2021-04-12 15:21:44,277 INFO org.springframework.boot.web.servlet.context.ServletWebServerApplicationContext [main] Root WebApplicationContext: initialization completed in 1630 ms
2021-04-12 15:21:44,514 INFO org.hibernate.jpa.internal.util.LogHelper [main] HHH000204: Processing PersistenceUnitInfo [name: default]
2021-04-12 15:21:44,564 INFO org.hibernate.Version [main] HHH000412: Hibernate ORM core version 5.4.29.Final
2021-04-12 15:21:44,710 INFO org.hibernate.annotations.common.reflection.java.JavaReflectionManager [main] HCANN000001: Hibernate Commons Annotations {5.1.2.Final}
2021-04-12 15:21:44,822 INFO com.zaxxer.hikari.HikariDataSource [main] HikariPool-1 - Starting...
2021-04-12 15:21:45,013 INFO com.zaxxer.hikari.HikariDataSource [main] HikariPool-1 - Start completed.
2021-04-12 15:21:45,026 INFO org.hibernate.dialect.Dialect [main] HHH000400: Using dialect: org.hibernate.dialect.MySQL5Dialect
2021-04-12 15:21:45,681 INFO org.hibernate.engine.transaction.jta.platform.internal.JtaPlatformInitiator [main] HHH000490: Using JtaPlatform implementation: [org.hibernate.engine.transaction.jta.platform.internal.NoJtaPlatform]
2021-04-12 15:21:45,689 INFO org.springframework.orm.jpa.AbstractEntityManagerFactoryBean [main] Initialized JPA EntityManagerFactory for persistence unit 'default'
2021-04-12 15:21:46,064 WARN org.springframework.boot.autoconfigure.orm.jpa.JpaBaseConfiguration$JpaWebConfiguration [main] spring.jpa.open-in-view is enabled by default. Therefore, database queries may be performed during view rendering. Explicitly configure spring.jpa.open-in-view to disable this warning
2021-04-12 15:21:46,236 INFO org.springframework.scheduling.concurrent.ExecutorConfigurationSupport [main] Initializing ExecutorService 'applicationTaskExecutor'
2021-04-12 15:21:46,682 INFO org.apache.juli.logging.DirectJDKLog [main] Starting ProtocolHandler ["http-nio-8080"]
2021-04-12 15:21:46,709 INFO org.springframework.boot.web.embedded.tomcat.TomcatWebServer [main] Tomcat started on port(s): 8080 (http) with context path ''
2021-04-12 15:21:46,721 INFO org.springframework.boot.StartupInfoLogger [main] Started AtsiskaitymaiApplication in 4.595 seconds (JVM running for 4.945)
2021-04-12 15:24:47,985 INFO org.springframework.boot.StartupInfoLogger [main] Starting AtsiskaitymaiApplication using Java 15.0.1 on DESKTOP-EN2BSLD with PID 2600 (C:\Users\Misanthrope\Desktop\Mokslai\Spring\atsiskaitymai\target\classes started by Misanthrope in C:\Users\Misanthrope\Desktop\Mokslai\Spring\atsiskaitymai)
2021-04-12 15:24:47,987 INFO org.springframework.boot.SpringApplication [main] No active profile set, falling back to default profiles: default
2021-04-12 15:24:48,652 INFO org.springframework.data.repository.config.RepositoryConfigurationDelegate [main] Bootstrapping Spring Data JPA repositories in DEFAULT mode.
2021-04-12 15:24:48,706 INFO org.springframework.data.repository.config.RepositoryConfigurationDelegate [main] Finished Spring Data repository scanning in 45 ms. Found 2 JPA repository interfaces.
2021-04-12 15:24:49,352 INFO org.springframework.boot.web.embedded.tomcat.TomcatWebServer [main] Tomcat initialized with port(s): 8080 (http)
2021-04-12 15:24:49,361 INFO org.apache.juli.logging.DirectJDKLog [main] Initializing ProtocolHandler ["http-nio-8080"]
2021-04-12 15:24:49,361 INFO org.apache.juli.logging.DirectJDKLog [main] Starting service [Tomcat]
2021-04-12 15:24:49,361 INFO org.apache.juli.logging.DirectJDKLog [main] Starting Servlet engine: [Apache Tomcat/9.0.44]
2021-04-12 15:24:49,479 INFO org.apache.juli.logging.DirectJDKLog [main] Initializing Spring embedded WebApplicationContext
2021-04-12 15:24:49,480 INFO org.springframework.boot.web.servlet.context.ServletWebServerApplicationContext [main] Root WebApplicationContext: initialization completed in 1447 ms
2021-04-12 15:24:49,687 INFO org.hibernate.jpa.internal.util.LogHelper [main] HHH000204: Processing PersistenceUnitInfo [name: default]
2021-04-12 15:24:49,730 INFO org.hibernate.Version [main] HHH000412: Hibernate ORM core version 5.4.29.Final
2021-04-12 15:24:49,843 INFO org.hibernate.annotations.common.reflection.java.JavaReflectionManager [main] HCANN000001: Hibernate Commons Annotations {5.1.2.Final}
2021-04-12 15:24:49,932 INFO com.zaxxer.hikari.HikariDataSource [main] HikariPool-1 - Starting...
2021-04-12 15:24:50,095 INFO com.zaxxer.hikari.HikariDataSource [main] HikariPool-1 - Start completed.
2021-04-12 15:24:50,108 INFO org.hibernate.dialect.Dialect [main] HHH000400: Using dialect: org.hibernate.dialect.MySQL5Dialect
2021-04-12 15:24:50,758 INFO org.hibernate.engine.transaction.jta.platform.internal.JtaPlatformInitiator [main] HHH000490: Using JtaPlatform implementation: [org.hibernate.engine.transaction.jta.platform.internal.NoJtaPlatform]
2021-04-12 15:24:50,766 INFO org.springframework.orm.jpa.AbstractEntityManagerFactoryBean [main] Initialized JPA EntityManagerFactory for persistence unit 'default'
2021-04-12 15:24:51,312 WARN org.springframework.boot.autoconfigure.orm.jpa.JpaBaseConfiguration$JpaWebConfiguration [main] spring.jpa.open-in-view is enabled by default. Therefore, database queries may be performed during view rendering. Explicitly configure spring.jpa.open-in-view to disable this warning
2021-04-12 15:24:51,503 INFO org.springframework.scheduling.concurrent.ExecutorConfigurationSupport [main] Initializing ExecutorService 'applicationTaskExecutor'
2021-04-12 15:24:51,857 INFO org.apache.juli.logging.DirectJDKLog [main] Starting ProtocolHandler ["http-nio-8080"]
2021-04-12 15:24:51,889 INFO org.springframework.boot.web.embedded.tomcat.TomcatWebServer [main] Tomcat started on port(s): 8080 (http) with context path ''
2021-04-12 15:24:51,903 INFO org.springframework.boot.StartupInfoLogger [main] Started AtsiskaitymaiApplication in 4.342 seconds (JVM running for 4.688)
2021-04-12 15:31:38,798 INFO org.apache.juli.logging.DirectJDKLog [http-nio-8080-exec-4] Initializing Spring DispatcherServlet 'dispatcherServlet'
2021-04-12 15:31:38,798 INFO org.springframework.web.servlet.FrameworkServlet [http-nio-8080-exec-4] Initializing Servlet 'dispatcherServlet'
2021-04-12 15:31:38,799 INFO org.springframework.web.servlet.FrameworkServlet [http-nio-8080-exec-4] Completed initialization in 1 ms
